randrw: (g=0): rw=randrw, bs=64K-64K/64K-64K/64K-64K, ioengine=libaio, iodepth=4
...
fio-2.2.10
Starting 16 processes

randrw: (groupid=0, jobs=1): err= 0: pid=2478: Wed Feb  7 06:14:55 2018
  read : io=6789.1GB, bw=164810KB/s, iops=2575, runt=43199991msec
    slat (usec): min=4, max=51885, avg=20.91, stdev=435.37
    clat (usec): min=20, max=52566, avg=744.01, stdev=776.44
     lat (usec): min=69, max=52584, avg=765.06, stdev=884.02
    clat percentiles (usec):
     |  1.00th=[  660],  5.00th=[  676], 10.00th=[  692], 20.00th=[  700],
     | 30.00th=[  708], 40.00th=[  708], 50.00th=[  716], 60.00th=[  716],
     | 70.00th=[  724], 80.00th=[  732], 90.00th=[  740], 95.00th=[  748],
     | 99.00th=[  764], 99.50th=[  780], 99.90th=[15680], 99.95th=[21120],
     | 99.99th=[28288]
    bw (KB  /s): min=106368, max=182912, per=6.25%, avg=164792.60, stdev=8302.92
  write: io=6781.2GB, bw=164595KB/s, iops=2571, runt=43199993msec
    slat (usec): min=6, max=47918, avg=29.78, stdev=473.62
    clat (usec): min=4, max=52571, avg=754.62, stdev=782.14
     lat (usec): min=75, max=52601, avg=784.55, stdev=908.89
    clat percentiles (usec):
     |  1.00th=[  676],  5.00th=[  692], 10.00th=[  700], 20.00th=[  708],
     | 30.00th=[  716], 40.00th=[  716], 50.00th=[  724], 60.00th=[  732],
     | 70.00th=[  732], 80.00th=[  740], 90.00th=[  748], 95.00th=[  764],
     | 99.00th=[  780], 99.50th=[  796], 99.90th=[15808], 99.95th=[21120],
     | 99.99th=[28288]
    bw (KB  /s): min=98048, max=180992, per=6.24%, avg=164427.27, stdev=9554.51
    lat (usec) : 10=0.01%, 20=0.01%, 50=0.01%, 100=0.01%, 250=0.05%
    lat (usec) : 500=0.13%, 750=91.82%, 1000=7.80%
    lat (msec) : 2=0.01%, 4=0.01%, 10=0.01%, 20=0.11%, 50=0.06%
    lat (msec) : 100=0.01%
  cpu          : usr=2.96%, sys=9.89%, ctx=187435827, majf=0, minf=18
  IO depths    : 1=0.1%, 2=0.1%, 4=100.0%, 8=0.0%, 16=0.0%, 32=0.0%, >=64=0.0%
     submit    : 0=0.0%, 4=100.0%, 8=0.0%, 16=0.0%, 32=0.0%, 64=0.0%, >=64=0.0%
     complete  : 0=0.0%, 4=100.0%, 8=0.0%, 16=0.0%, 32=0.0%, 64=0.0%, >=64=0.0%
     issued    : total=r=111246558/w=111101807/d=0, short=r=0/w=0/d=0, drop=r=0/w=0/d=0
     latency   : target=0, window=0, percentile=100.00%, depth=4
randrw: (groupid=0, jobs=1): err= 0: pid=2479: Wed Feb  7 06:14:55 2018
  read : io=6789.7GB, bw=164803KB/s, iops=2575, runt=43199992msec
    slat (usec): min=4, max=51616, avg=21.06, stdev=437.58
    clat (usec): min=27, max=52491, avg=744.06, stdev=778.16
     lat (usec): min=74, max=52505, avg=765.27, stdev=886.58
    clat percentiles (usec):
     |  1.00th=[  660],  5.00th=[  676], 10.00th=[  692], 20.00th=[  700],
     | 30.00th=[  708], 40.00th=[  708], 50.00th=[  716], 60.00th=[  716],
     | 70.00th=[  724], 80.00th=[  732], 90.00th=[  740], 95.00th=[  748],
     | 99.00th=[  764], 99.50th=[  780], 99.90th=[15680], 99.95th=[21120],
     | 99.99th=[28288]
    bw (KB  /s): min=115584, max=181760, per=6.28%, avg=165484.35, stdev=7432.60
  write: io=6780.9GB, bw=164588KB/s, iops=2571, runt=43199993msec
    slat (usec): min=6, max=52151, avg=29.80, stdev=471.71
    clat (usec): min=4, max=52449, avg=754.43, stdev=780.51
     lat (usec): min=86, max=52476, avg=784.38, stdev=906.56
    clat percentiles (usec):
     |  1.00th=[  676],  5.00th=[  692], 10.00th=[  700], 20.00th=[  708],
     | 30.00th=[  716], 40.00th=[  716], 50.00th=[  724], 60.00th=[  732],
     | 70.00th=[  732], 80.00th=[  740], 90.00th=[  748], 95.00th=[  764],
     | 99.00th=[  780], 99.50th=[  796], 99.90th=[15680], 99.95th=[21120],
     | 99.99th=[28288]
    bw (KB  /s): min=108288, max=180992, per=6.27%, avg=165136.18, stdev=9059.82
    lat (usec) : 10=0.01%, 20=0.01%, 50=0.01%, 100=0.01%, 250=0.05%
    lat (usec) : 500=0.13%, 750=91.90%, 1000=7.73%
    lat (msec) : 2=0.01%, 4=0.01%, 10=0.01%, 20=0.11%, 50=0.06%
    lat (msec) : 100=0.01%
  cpu          : usr=2.98%, sys=9.93%, ctx=188034011, majf=0, minf=17
  IO depths    : 1=0.1%, 2=0.1%, 4=100.0%, 8=0.0%, 16=0.0%, 32=0.0%, >=64=0.0%
     submit    : 0=0.0%, 4=100.0%, 8=0.0%, 16=0.0%, 32=0.0%, 64=0.0%, >=64=0.0%
     complete  : 0=0.0%, 4=100.0%, 8=0.0%, 16=0.0%, 32=0.0%, 64=0.0%, >=64=0.0%
     issued    : total=r=111241786/w=111097007/d=0, short=r=0/w=0/d=0, drop=r=0/w=0/d=0
     latency   : target=0, window=0, percentile=100.00%, depth=4
randrw: (groupid=0, jobs=1): err= 0: pid=2480: Wed Feb  7 06:14:55 2018
  read : io=6789.6GB, bw=164799KB/s, iops=2574, runt=43199992msec
    slat (usec): min=4, max=52151, avg=20.99, stdev=438.06
    clat (usec): min=32, max=52748, avg=744.15, stdev=777.64
     lat (usec): min=70, max=52757, avg=765.28, stdev=886.35
    clat percentiles (usec):
     |  1.00th=[  660],  5.00th=[  676], 10.00th=[  692], 20.00th=[  700],
     | 30.00th=[  708], 40.00th=[  708], 50.00th=[  716], 60.00th=[  716],
     | 70.00th=[  724], 80.00th=[  732], 90.00th=[  740], 95.00th=[  748],
     | 99.00th=[  764], 99.50th=[  780], 99.90th=[15680], 99.95th=[21120],
     | 99.99th=[28288]
    bw (KB  /s): min=118528, max=181760, per=6.25%, avg=164812.13, stdev=8025.75
  write: io=6780.7GB, bw=164585KB/s, iops=2571, runt=43199993msec
    slat (usec): min=6, max=51810, avg=29.70, stdev=471.13
    clat (usec): min=34, max=52326, avg=754.53, stdev=780.87
     lat (usec): min=85, max=52353, avg=784.38, stdev=906.55
    clat percentiles (usec):
     |  1.00th=[  676],  5.00th=[  692], 10.00th=[  700], 20.00th=[  708],
     | 30.00th=[  716], 40.00th=[  716], 50.00th=[  724], 60.00th=[  732],
     | 70.00th=[  732], 80.00th=[  740], 90.00th=[  748], 95.00th=[  764],
     | 99.00th=[  780], 99.50th=[  796], 99.90th=[15680], 99.95th=[21120],
     | 99.99th=[28288]
    bw (KB  /s): min=121088, max=180224, per=6.24%, avg=164444.97, stdev=9435.84
    lat (usec) : 50=0.01%, 100=0.01%, 250=0.05%, 500=0.13%, 750=91.81%
    lat (usec) : 1000=7.82%
    lat (msec) : 2=0.01%, 4=0.01%, 10=0.01%, 20=0.11%, 50=0.06%
    lat (msec) : 100=0.01%
  cpu          : usr=2.98%, sys=9.90%, ctx=187365897, majf=0, minf=17
  IO depths    : 1=0.1%, 2=0.1%, 4=100.0%, 8=0.0%, 16=0.0%, 32=0.0%, >=64=0.0%
     submit    : 0=0.0%, 4=100.0%, 8=0.0%, 16=0.0%, 32=0.0%, 64=0.0%, >=64=0.0%
     complete  : 0=0.0%, 4=100.0%, 8=0.0%, 16=0.0%, 32=0.0%, 64=0.0%, >=64=0.0%
     issued    : total=r=111239417/w=111094660/d=0, short=r=0/w=0/d=0, drop=r=0/w=0/d=0
     latency   : target=0, window=0, percentile=100.00%, depth=4
randrw: (groupid=0, jobs=1): err= 0: pid=2481: Wed Feb  7 06:14:55 2018
  read : io=6789.8GB, bw=164804KB/s, iops=2575, runt=43199992msec
    slat (usec): min=4, max=51895, avg=21.11, stdev=437.98
    clat (usec): min=29, max=52582, avg=744.01, stdev=777.56
     lat (usec): min=75, max=52595, avg=765.27, stdev=886.23
    clat percentiles (usec):
     |  1.00th=[  660],  5.00th=[  676], 10.00th=[  692], 20.00th=[  700],
     | 30.00th=[  708], 40.00th=[  708], 50.00th=[  716], 60.00th=[  716],
     | 70.00th=[  724], 80.00th=[  732], 90.00th=[  740], 95.00th=[  748],
     | 99.00th=[  764], 99.50th=[  780], 99.90th=[15680], 99.95th=[21120],
     | 99.99th=[28288]
    bw (KB  /s): min=111744, max=181504, per=6.26%, avg=165174.51, stdev=7922.10
  write: io=6780.9GB, bw=164589KB/s, iops=2571, runt=43199993msec
    slat (usec): min=6, max=52192, avg=29.77, stdev=471.28
    clat (usec): min=41, max=52482, avg=754.45, stdev=780.88
     lat (usec): min=79, max=52508, avg=784.36, stdev=906.64
    clat percentiles (usec):
     |  1.00th=[  676],  5.00th=[  692], 10.00th=[  700], 20.00th=[  708],
     | 30.00th=[  716], 40.00th=[  716], 50.00th=[  724], 60.00th=[  732],
     | 70.00th=[  732], 80.00th=[  740], 90.00th=[  748], 95.00th=[  764],
     | 99.00th=[  780], 99.50th=[  796], 99.90th=[15680], 99.95th=[21120],
     | 99.99th=[28288]
    bw (KB  /s): min=103808, max=180736, per=6.26%, avg=164812.74, stdev=10128.68
    lat (usec) : 50=0.01%, 100=0.01%, 250=0.05%, 500=0.13%, 750=91.89%
    lat (usec) : 1000=7.73%
    lat (msec) : 2=0.01%, 4=0.01%, 10=0.01%, 20=0.11%, 50=0.06%
    lat (msec) : 100=0.01%
  cpu          : usr=2.97%, sys=9.94%, ctx=187975525, majf=0, minf=18
  IO depths    : 1=0.1%, 2=0.1%, 4=100.0%, 8=0.0%, 16=0.0%, 32=0.0%, >=64=0.0%
     submit    : 0=0.0%, 4=100.0%, 8=0.0%, 16=0.0%, 32=0.0%, 64=0.0%, >=64=0.0%
     complete  : 0=0.0%, 4=100.0%, 8=0.0%, 16=0.0%, 32=0.0%, 64=0.0%, >=64=0.0%
     issued    : total=r=111242535/w=111097699/d=0, short=r=0/w=0/d=0, drop=r=0/w=0/d=0
     latency   : target=0, window=0, percentile=100.00%, depth=4
randrw: (groupid=0, jobs=1): err= 0: pid=2482: Wed Feb  7 06:14:55 2018
  read : io=6789.9GB, bw=164789KB/s, iops=2574, runt=43199991msec
    slat (usec): min=4, max=51767, avg=20.99, stdev=437.82
    clat (usec): min=18, max=52623, avg=744.04, stdev=776.09
     lat (usec): min=71, max=52637, avg=765.17, stdev=884.89
    clat percentiles (usec):
     |  1.00th=[  660],  5.00th=[  676], 10.00th=[  692], 20.00th=[  700],
     | 30.00th=[  708], 40.00th=[  708], 50.00th=[  716], 60.00th=[  716],
     | 70.00th=[  724], 80.00th=[  732], 90.00th=[  740], 95.00th=[  748],
     | 99.00th=[  764], 99.50th=[  780], 99.90th=[15680], 99.95th=[21120],
     | 99.99th=[28288]
    bw (KB  /s): min=113408, max=181632, per=6.25%, avg=164853.29, stdev=8161.46
  write: io=6780.3GB, bw=164574KB/s, iops=2571, runt=43199993msec
    slat (usec): min=6, max=51910, avg=29.75, stdev=471.47
    clat (usec): min=35, max=52610, avg=754.68, stdev=782.57
     lat (usec): min=85, max=52634, avg=784.58, stdev=908.17
    clat percentiles (usec):
     |  1.00th=[  676],  5.00th=[  692], 10.00th=[  700], 20.00th=[  708],
     | 30.00th=[  716], 40.00th=[  716], 50.00th=[  724], 60.00th=[  732],
     | 70.00th=[  732], 80.00th=[  740], 90.00th=[  748], 95.00th=[  764],
     | 99.00th=[  780], 99.50th=[  796], 99.90th=[15808], 99.95th=[21120],
     | 99.99th=[28288]
    bw (KB  /s): min=114304, max=182272, per=6.25%, avg=164485.01, stdev=9006.95
    lat (usec) : 20=0.01%, 50=0.01%, 100=0.01%, 250=0.05%, 500=0.13%
    lat (usec) : 750=91.80%, 1000=7.83%
    lat (msec) : 2=0.01%, 4=0.01%, 10=0.01%, 20=0.11%, 50=0.06%
    lat (msec) : 100=0.01%
  cpu          : usr=2.99%, sys=9.91%, ctx=187388217, majf=0, minf=16
  IO depths    : 1=0.1%, 2=0.1%, 4=100.0%, 8=0.0%, 16=0.0%, 32=0.0%, >=64=0.0%
     submit    : 0=0.0%, 4=100.0%, 8=0.0%, 16=0.0%, 32=0.0%, 64=0.0%, >=64=0.0%
     complete  : 0=0.0%, 4=100.0%, 8=0.0%, 16=0.0%, 32=0.0%, 64=0.0%, >=64=0.0%
     issued    : total=r=111232378/w=111087589/d=0, short=r=0/w=0/d=0, drop=r=0/w=0/d=0
     latency   : target=0, window=0, percentile=100.00%, depth=4
randrw: (groupid=0, jobs=1): err= 0: pid=2483: Wed Feb  7 06:14:55 2018
  read : io=6789.9GB, bw=164807KB/s, iops=2575, runt=43199991msec
    slat (usec): min=4, max=51909, avg=21.02, stdev=439.03
    clat (usec): min=30, max=52521, avg=744.01, stdev=776.71
     lat (usec): min=73, max=52532, avg=765.18, stdev=885.98
    clat percentiles (usec):
     |  1.00th=[  660],  5.00th=[  676], 10.00th=[  692], 20.00th=[  700],
     | 30.00th=[  708], 40.00th=[  708], 50.00th=[  716], 60.00th=[  716],
     | 70.00th=[  724], 80.00th=[  732], 90.00th=[  740], 95.00th=[  748],
     | 99.00th=[  764], 99.50th=[  780], 99.90th=[15680], 99.95th=[21120],
     | 99.99th=[28288]
    bw (KB  /s): min=111744, max=181760, per=6.27%, avg=165243.54, stdev=7950.76
  write: io=6781.5GB, bw=164593KB/s, iops=2571, runt=43199993msec
    slat (usec): min=6, max=51854, avg=29.67, stdev=470.32
    clat (usec): min=4, max=52588, avg=754.59, stdev=781.71
     lat (usec): min=87, max=52602, avg=784.40, stdev=906.85
    clat percentiles (usec):
     |  1.00th=[  676],  5.00th=[  692], 10.00th=[  700], 20.00th=[  708],
     | 30.00th=[  716], 40.00th=[  716], 50.00th=[  724], 60.00th=[  732],
     | 70.00th=[  732], 80.00th=[  740], 90.00th=[  748], 95.00th=[  764],
     | 99.00th=[  780], 99.50th=[  796], 99.90th=[15808], 99.95th=[21120],
     | 99.99th=[28288]
    bw (KB  /s): min=103808, max=180608, per=6.26%, avg=164885.29, stdev=9957.76
    lat (usec) : 10=0.01%, 20=0.01%, 50=0.01%, 100=0.01%, 250=0.05%
    lat (usec) : 500=0.13%, 750=91.84%, 1000=7.78%
    lat (msec) : 2=0.01%, 4=0.01%, 10=0.01%, 20=0.11%, 50=0.06%
    lat (msec) : 100=0.01%
  cpu          : usr=2.97%, sys=9.94%, ctx=187901084, majf=0, minf=16
  IO depths    : 1=0.1%, 2=0.1%, 4=100.0%, 8=0.0%, 16=0.0%, 32=0.0%, >=64=0.0%
     submit    : 0=0.0%, 4=100.0%, 8=0.0%, 16=0.0%, 32=0.0%, 64=0.0%, >=64=0.0%
     complete  : 0=0.0%, 4=100.0%, 8=0.0%, 16=0.0%, 32=0.0%, 64=0.0%, >=64=0.0%
     issued    : total=r=111244820/w=111099997/d=0, short=r=0/w=0/d=0, drop=r=0/w=0/d=0
     latency   : target=0, window=0, percentile=100.00%, depth=4
randrw: (groupid=0, jobs=1): err= 0: pid=2484: Wed Feb  7 06:14:55 2018
  read : io=6789.7GB, bw=164801KB/s, iops=2575, runt=43199991msec
    slat (usec): min=4, max=51540, avg=20.93, stdev=435.68
    clat (usec): min=27, max=52719, avg=743.86, stdev=774.66
     lat (usec): min=71, max=52729, avg=764.93, stdev=882.62
    clat percentiles (usec):
     |  1.00th=[  660],  5.00th=[  676], 10.00th=[  692], 20.00th=[  700],
     | 30.00th=[  708], 40.00th=[  708], 50.00th=[  716], 60.00th=[  716],
     | 70.00th=[  724], 80.00th=[  732], 90.00th=[  740], 95.00th=[  748],
     | 99.00th=[  764], 99.50th=[  780], 99.90th=[15680], 99.95th=[21120],
     | 99.99th=[28288]
    bw (KB  /s): min=108636, max=182272, per=6.26%, avg=165087.60, stdev=8594.15
  write: io=6780.8GB, bw=164587KB/s, iops=2571, runt=43199993msec
    slat (usec): min=6, max=52122, avg=29.85, stdev=473.46
    clat (usec): min=34, max=52645, avg=754.74, stdev=783.94
     lat (usec): min=87, max=52669, avg=784.73, stdev=910.34
    clat percentiles (usec):
     |  1.00th=[  676],  5.00th=[  692], 10.00th=[  700], 20.00th=[  708],
     | 30.00th=[  716], 40.00th=[  716], 50.00th=[  724], 60.00th=[  732],
     | 70.00th=[  732], 80.00th=[  740], 90.00th=[  748], 95.00th=[  764],
     | 99.00th=[  780], 99.50th=[  796], 99.90th=[15808], 99.95th=[21120],
     | 99.99th=[28288]
    bw (KB  /s): min=112534, max=180352, per=6.25%, avg=164726.06, stdev=9476.25
    lat (usec) : 50=0.01%, 100=0.01%, 250=0.05%, 500=0.13%, 750=91.84%
    lat (usec) : 1000=7.79%
    lat (msec) : 2=0.01%, 4=0.01%, 10=0.01%, 20=0.11%, 50=0.06%
    lat (msec) : 100=0.01%
  cpu          : usr=2.97%, sys=9.93%, ctx=187741488, majf=0, minf=16
  IO depths    : 1=0.1%, 2=0.1%, 4=100.0%, 8=0.0%, 16=0.0%, 32=0.0%, >=64=0.0%
     submit    : 0=0.0%, 4=100.0%, 8=0.0%, 16=0.0%, 32=0.0%, 64=0.0%, >=64=0.0%
     complete  : 0=0.0%, 4=100.0%, 8=0.0%, 16=0.0%, 32=0.0%, 64=0.0%, >=64=0.0%
     issued    : total=r=111240794/w=111096004/d=0, short=r=0/w=0/d=0, drop=r=0/w=0/d=0
     latency   : target=0, window=0, percentile=100.00%, depth=4
randrw: (groupid=0, jobs=1): err= 0: pid=2485: Wed Feb  7 06:14:55 2018
  read : io=6789.8GB, bw=164806KB/s, iops=2575, runt=43199991msec
    slat (usec): min=4, max=51729, avg=21.05, stdev=437.77
    clat (usec): min=25, max=52770, avg=744.05, stdev=777.20
     lat (usec): min=71, max=52781, avg=765.24, stdev=885.80
    clat percentiles (usec):
     |  1.00th=[  660],  5.00th=[  676], 10.00th=[  692], 20.00th=[  700],
     | 30.00th=[  708], 40.00th=[  708], 50.00th=[  716], 60.00th=[  716],
     | 70.00th=[  724], 80.00th=[  732], 90.00th=[  740], 95.00th=[  748],
     | 99.00th=[  764], 99.50th=[  780], 99.90th=[15680], 99.95th=[21120],
     | 99.99th=[28288]
    bw (KB  /s): min=117376, max=181504, per=6.27%, avg=165405.14, stdev=7960.93
  write: io=6780.1GB, bw=164591KB/s, iops=2571, runt=43199993msec
    slat (usec): min=6, max=52175, avg=29.69, stdev=471.45
    clat (usec): min=34, max=52497, avg=754.55, stdev=781.25
     lat (usec): min=89, max=52514, avg=784.39, stdev=907.05
    clat percentiles (usec):
     |  1.00th=[  676],  5.00th=[  692], 10.00th=[  700], 20.00th=[  708],
     | 30.00th=[  716], 40.00th=[  716], 50.00th=[  724], 60.00th=[  732],
     | 70.00th=[  732], 80.00th=[  740], 90.00th=[  748], 95.00th=[  764],
     | 99.00th=[  780], 99.50th=[  796], 99.90th=[15680], 99.95th=[21120],
     | 99.99th=[28288]
    bw (KB  /s): min=119040, max=180992, per=6.27%, avg=165052.78, stdev=9267.96
    lat (usec) : 50=0.01%, 100=0.01%, 250=0.05%, 500=0.13%, 750=91.84%
    lat (usec) : 1000=7.78%
    lat (msec) : 2=0.01%, 4=0.01%, 10=0.01%, 20=0.11%, 50=0.06%
    lat (msec) : 100=0.01%
  cpu          : usr=2.97%, sys=9.92%, ctx=187849261, majf=0, minf=18
  IO depths    : 1=0.1%, 2=0.1%, 4=100.0%, 8=0.0%, 16=0.0%, 32=0.0%, >=64=0.0%
     submit    : 0=0.0%, 4=100.0%, 8=0.0%, 16=0.0%, 32=0.0%, 64=0.0%, >=64=0.0%
     complete  : 0=0.0%, 4=100.0%, 8=0.0%, 16=0.0%, 32=0.0%, 64=0.0%, >=64=0.0%
     issued    : total=r=111243725/w=111098890/d=0, short=r=0/w=0/d=0, drop=r=0/w=0/d=0
     latency   : target=0, window=0, percentile=100.00%, depth=4
randrw: (groupid=0, jobs=1): err= 0: pid=2486: Wed Feb  7 06:14:55 2018
  read : io=6789.9GB, bw=164807KB/s, iops=2575, runt=43199991msec
    slat (usec): min=4, max=51702, avg=21.01, stdev=438.75
    clat (usec): min=29, max=52641, avg=743.97, stdev=775.78
     lat (usec): min=72, max=52651, avg=765.12, stdev=885.02
    clat percentiles (usec):
     |  1.00th=[  660],  5.00th=[  676], 10.00th=[  692], 20.00th=[  700],
     | 30.00th=[  708], 40.00th=[  708], 50.00th=[  716], 60.00th=[  716],
     | 70.00th=[  724], 80.00th=[  732], 90.00th=[  740], 95.00th=[  748],
     | 99.00th=[  764], 99.50th=[  780], 99.90th=[15680], 99.95th=[21120],
     | 99.99th=[28288]
    bw (KB  /s): min=99712, max=181504, per=6.26%, avg=164972.17, stdev=7886.56
  write: io=6781.2GB, bw=164593KB/s, iops=2571, runt=43199993msec
    slat (usec): min=6, max=51976, avg=29.60, stdev=470.57
    clat (usec): min=39, max=52645, avg=754.69, stdev=782.79
     lat (usec): min=87, max=52662, avg=784.44, stdev=907.92
    clat percentiles (usec):
     |  1.00th=[  676],  5.00th=[  692], 10.00th=[  700], 20.00th=[  708],
     | 30.00th=[  716], 40.00th=[  716], 50.00th=[  724], 60.00th=[  732],
     | 70.00th=[  732], 80.00th=[  740], 90.00th=[  748], 95.00th=[  764],
     | 99.00th=[  780], 99.50th=[  796], 99.90th=[15808], 99.95th=[21120],
     | 99.99th=[28288]
    bw (KB  /s): min=90880, max=180608, per=6.25%, avg=164611.33, stdev=10259.44
    lat (usec) : 50=0.01%, 100=0.01%, 250=0.05%, 500=0.13%, 750=91.81%
    lat (usec) : 1000=7.82%
    lat (msec) : 2=0.01%, 4=0.01%, 10=0.01%, 20=0.11%, 50=0.06%
    lat (msec) : 100=0.01%
  cpu          : usr=2.96%, sys=9.91%, ctx=187438724, majf=0, minf=19
  IO depths    : 1=0.1%, 2=0.1%, 4=100.0%, 8=0.0%, 16=0.0%, 32=0.0%, >=64=0.0%
     submit    : 0=0.0%, 4=100.0%, 8=0.0%, 16=0.0%, 32=0.0%, 64=0.0%, >=64=0.0%
     complete  : 0=0.0%, 4=100.0%, 8=0.0%, 16=0.0%, 32=0.0%, 64=0.0%, >=64=0.0%
     issued    : total=r=111244969/w=111100143/d=0, short=r=0/w=0/d=0, drop=r=0/w=0/d=0
     latency   : target=0, window=0, percentile=100.00%, depth=4
randrw: (groupid=0, jobs=1): err= 0: pid=2487: Wed Feb  7 06:14:55 2018
  read : io=6790.3GB, bw=164817KB/s, iops=2575, runt=43199991msec
    slat (usec): min=4, max=50132, avg=20.85, stdev=436.85
    clat (usec): min=21, max=52399, avg=743.88, stdev=773.41
     lat (usec): min=74, max=52414, avg=764.88, stdev=882.09
    clat percentiles (usec):
     |  1.00th=[  660],  5.00th=[  676], 10.00th=[  692], 20.00th=[  700],
     | 30.00th=[  708], 40.00th=[  708], 50.00th=[  716], 60.00th=[  716],
     | 70.00th=[  724], 80.00th=[  732], 90.00th=[  740], 95.00th=[  748],
     | 99.00th=[  764], 99.50th=[  780], 99.90th=[15680], 99.95th=[20864],
     | 99.99th=[28288]
    bw (KB  /s): min=102016, max=183296, per=6.24%, avg=164600.19, stdev=9053.75
  write: io=6781.5GB, bw=164602KB/s, iops=2571, runt=43199993msec
    slat (usec): min=6, max=52190, avg=29.74, stdev=472.38
    clat (usec): min=36, max=52586, avg=754.77, stdev=785.15
     lat (usec): min=86, max=52604, avg=784.65, stdev=910.84
    clat percentiles (usec):
     |  1.00th=[  676],  5.00th=[  692], 10.00th=[  700], 20.00th=[  708],
     | 30.00th=[  716], 40.00th=[  716], 50.00th=[  724], 60.00th=[  732],
     | 70.00th=[  732], 80.00th=[  740], 90.00th=[  748], 95.00th=[  764],
     | 99.00th=[  780], 99.50th=[  796], 99.90th=[15808], 99.95th=[21376],
     | 99.99th=[28288]
    bw (KB  /s): min=92672, max=180864, per=6.24%, avg=164236.37, stdev=9249.98
    lat (usec) : 50=0.01%, 100=0.01%, 250=0.05%, 500=0.13%, 750=91.84%
    lat (usec) : 1000=7.79%
    lat (msec) : 2=0.01%, 4=0.01%, 10=0.01%, 20=0.11%, 50=0.06%
    lat (msec) : 100=0.01%
  cpu          : usr=2.96%, sys=9.89%, ctx=187838129, majf=0, minf=17
  IO depths    : 1=0.1%, 2=0.1%, 4=100.0%, 8=0.0%, 16=0.0%, 32=0.0%, >=64=0.0%
     submit    : 0=0.0%, 4=100.0%, 8=0.0%, 16=0.0%, 32=0.0%, 64=0.0%, >=64=0.0%
     complete  : 0=0.0%, 4=100.0%, 8=0.0%, 16=0.0%, 32=0.0%, 64=0.0%, >=64=0.0%
     issued    : total=r=111251384/w=111106618/d=0, short=r=0/w=0/d=0, drop=r=0/w=0/d=0
     latency   : target=0, window=0, percentile=100.00%, depth=4
randrw: (groupid=0, jobs=1): err= 0: pid=2488: Wed Feb  7 06:14:55 2018
  read : io=6789.3GB, bw=164793KB/s, iops=2574, runt=43199991msec
    slat (usec): min=4, max=51570, avg=20.91, stdev=435.99
    clat (usec): min=31, max=52197, avg=744.13, stdev=777.24
     lat (usec): min=72, max=52222, avg=765.17, stdev=885.02
    clat percentiles (usec):
     |  1.00th=[  660],  5.00th=[  676], 10.00th=[  692], 20.00th=[  700],
     | 30.00th=[  708], 40.00th=[  708], 50.00th=[  716], 60.00th=[  716],
     | 70.00th=[  724], 80.00th=[  732], 90.00th=[  740], 95.00th=[  748],
     | 99.00th=[  764], 99.50th=[  780], 99.90th=[15680], 99.95th=[21120],
     | 99.99th=[28288]
    bw (KB  /s): min=114944, max=182016, per=6.25%, avg=164794.22, stdev=8199.19
  write: io=6780.5GB, bw=164579KB/s, iops=2571, runt=43199993msec
    slat (usec): min=6, max=52034, avg=29.80, stdev=473.19
    clat (usec): min=4, max=52538, avg=754.55, stdev=781.49
     lat (usec): min=77, max=52558, avg=784.50, stdev=908.11
    clat percentiles (usec):
     |  1.00th=[  676],  5.00th=[  692], 10.00th=[  700], 20.00th=[  708],
     | 30.00th=[  716], 40.00th=[  716], 50.00th=[  724], 60.00th=[  732],
     | 70.00th=[  732], 80.00th=[  740], 90.00th=[  748], 95.00th=[  764],
     | 99.00th=[  780], 99.50th=[  796], 99.90th=[15808], 99.95th=[21120],
     | 99.99th=[28288]
    bw (KB  /s): min=118532, max=179968, per=6.24%, avg=164425.93, stdev=9208.01
    lat (usec) : 10=0.01%, 50=0.01%, 100=0.01%, 250=0.05%, 500=0.13%
    lat (usec) : 750=91.82%, 1000=7.80%
    lat (msec) : 2=0.01%, 4=0.01%, 10=0.01%, 20=0.11%, 50=0.06%
    lat (msec) : 100=0.01%
  cpu          : usr=3.00%, sys=9.92%, ctx=187698451, majf=0, minf=16
  IO depths    : 1=0.1%, 2=0.1%, 4=100.0%, 8=0.0%, 16=0.0%, 32=0.0%, >=64=0.0%
     submit    : 0=0.0%, 4=100.0%, 8=0.0%, 16=0.0%, 32=0.0%, 64=0.0%, >=64=0.0%
     complete  : 0=0.0%, 4=100.0%, 8=0.0%, 16=0.0%, 32=0.0%, 64=0.0%, >=64=0.0%
     issued    : total=r=111235175/w=111090485/d=0, short=r=0/w=0/d=0, drop=r=0/w=0/d=0
     latency   : target=0, window=0, percentile=100.00%, depth=4
randrw: (groupid=0, jobs=1): err= 0: pid=2489: Wed Feb  7 06:14:55 2018
  read : io=6790.2GB, bw=164815KB/s, iops=2575, runt=43199991msec
    slat (usec): min=4, max=48795, avg=20.90, stdev=436.11
    clat (usec): min=30, max=52765, avg=743.83, stdev=773.50
     lat (usec): min=71, max=52776, avg=764.88, stdev=881.79
    clat percentiles (usec):
     |  1.00th=[  660],  5.00th=[  676], 10.00th=[  692], 20.00th=[  700],
     | 30.00th=[  708], 40.00th=[  708], 50.00th=[  716], 60.00th=[  716],
     | 70.00th=[  724], 80.00th=[  732], 90.00th=[  740], 95.00th=[  748],
     | 99.00th=[  764], 99.50th=[  780], 99.90th=[15680], 99.95th=[20864],
     | 99.99th=[28032]
    bw (KB  /s): min=103936, max=181504, per=6.24%, avg=164668.99, stdev=8888.60
  write: io=6781.4GB, bw=164600KB/s, iops=2571, runt=43199993msec
    slat (usec): min=6, max=52182, avg=29.75, stdev=473.01
    clat (usec): min=34, max=52768, avg=754.73, stdev=784.89
     lat (usec): min=87, max=52786, avg=784.63, stdev=910.94
    clat percentiles (usec):
     |  1.00th=[  676],  5.00th=[  692], 10.00th=[  700], 20.00th=[  708],
     | 30.00th=[  716], 40.00th=[  716], 50.00th=[  724], 60.00th=[  732],
     | 70.00th=[  732], 80.00th=[  740], 90.00th=[  748], 95.00th=[  764],
     | 99.00th=[  780], 99.50th=[  796], 99.90th=[15808], 99.95th=[21120],
     | 99.99th=[28288]
    bw (KB  /s): min=94848, max=180864, per=6.24%, avg=164300.08, stdev=9270.13
    lat (usec) : 50=0.01%, 100=0.01%, 250=0.05%, 500=0.13%, 750=91.86%
    lat (usec) : 1000=7.77%
    lat (msec) : 2=0.01%, 4=0.01%, 10=0.01%, 20=0.11%, 50=0.06%
    lat (msec) : 100=0.01%
  cpu          : usr=2.98%, sys=9.89%, ctx=187794220, majf=0, minf=18
  IO depths    : 1=0.1%, 2=0.1%, 4=100.0%, 8=0.0%, 16=0.0%, 32=0.0%, >=64=0.0%
     submit    : 0=0.0%, 4=100.0%, 8=0.0%, 16=0.0%, 32=0.0%, 64=0.0%, >=64=0.0%
     complete  : 0=0.0%, 4=100.0%, 8=0.0%, 16=0.0%, 32=0.0%, 64=0.0%, >=64=0.0%
     issued    : total=r=111249994/w=111105247/d=0, short=r=0/w=0/d=0, drop=r=0/w=0/d=0
     latency   : target=0, window=0, percentile=100.00%, depth=4
randrw: (groupid=0, jobs=1): err= 0: pid=2490: Wed Feb  7 06:14:55 2018
  read : io=6789.7GB, bw=164803KB/s, iops=2575, runt=43199991msec
    slat (usec): min=4, max=48737, avg=21.01, stdev=436.62
    clat (usec): min=33, max=52666, avg=743.98, stdev=776.64
     lat (usec): min=70, max=52677, avg=765.13, stdev=884.78
    clat percentiles (usec):
     |  1.00th=[  660],  5.00th=[  676], 10.00th=[  692], 20.00th=[  700],
     | 30.00th=[  708], 40.00th=[  708], 50.00th=[  716], 60.00th=[  716],
     | 70.00th=[  724], 80.00th=[  732], 90.00th=[  740], 95.00th=[  748],
     | 99.00th=[  764], 99.50th=[  780], 99.90th=[15680], 99.95th=[21120],
     | 99.99th=[28288]
    bw (KB  /s): min=114268, max=181504, per=6.27%, avg=165393.62, stdev=7485.26
  write: io=6780.9GB, bw=164589KB/s, iops=2571, runt=43199993msec
    slat (usec): min=6, max=52093, avg=29.79, stdev=472.63
    clat (usec): min=35, max=52670, avg=754.53, stdev=782.05
     lat (usec): min=87, max=52689, avg=784.47, stdev=908.31
    clat percentiles (usec):
     |  1.00th=[  676],  5.00th=[  692], 10.00th=[  700], 20.00th=[  708],
     | 30.00th=[  716], 40.00th=[  716], 50.00th=[  724], 60.00th=[  732],
     | 70.00th=[  732], 80.00th=[  740], 90.00th=[  748], 95.00th=[  764],
     | 99.00th=[  780], 99.50th=[  796], 99.90th=[15680], 99.95th=[21120],
     | 99.99th=[28288]
    bw (KB  /s): min=118784, max=180096, per=6.27%, avg=165040.94, stdev=9256.70
    lat (usec) : 50=0.01%, 100=0.01%, 250=0.05%, 500=0.13%, 750=91.87%
    lat (usec) : 1000=7.75%
    lat (msec) : 2=0.01%, 4=0.01%, 10=0.01%, 20=0.11%, 50=0.06%
    lat (msec) : 100=0.01%
  cpu          : usr=2.98%, sys=9.93%, ctx=187821005, majf=0, minf=16
  IO depths    : 1=0.1%, 2=0.1%, 4=100.0%, 8=0.0%, 16=0.0%, 32=0.0%, >=64=0.0%
     submit    : 0=0.0%, 4=100.0%, 8=0.0%, 16=0.0%, 32=0.0%, 64=0.0%, >=64=0.0%
     complete  : 0=0.0%, 4=100.0%, 8=0.0%, 16=0.0%, 32=0.0%, 64=0.0%, >=64=0.0%
     issued    : total=r=111242186/w=111097407/d=0, short=r=0/w=0/d=0, drop=r=0/w=0/d=0
     latency   : target=0, window=0, percentile=100.00%, depth=4
randrw: (groupid=0, jobs=1): err= 0: pid=2491: Wed Feb  7 06:14:55 2018
  read : io=6790.5GB, bw=164823KB/s, iops=2575, runt=43199991msec
    slat (usec): min=4, max=51949, avg=20.90, stdev=436.29
    clat (usec): min=26, max=52642, avg=743.71, stdev=771.47
     lat (usec): min=75, max=52651, avg=764.75, stdev=880.12
    clat percentiles (usec):
     |  1.00th=[  660],  5.00th=[  676], 10.00th=[  692], 20.00th=[  700],
     | 30.00th=[  708], 40.00th=[  708], 50.00th=[  716], 60.00th=[  716],
     | 70.00th=[  724], 80.00th=[  732], 90.00th=[  740], 95.00th=[  748],
     | 99.00th=[  764], 99.50th=[  780], 99.90th=[15552], 99.95th=[20864],
     | 99.99th=[28032]
    bw (KB  /s): min=92775, max=181760, per=6.24%, avg=164664.79, stdev=9082.71
  write: io=6781.7GB, bw=164608KB/s, iops=2572, runt=43199993msec
    slat (usec): min=6, max=51983, avg=29.76, stdev=472.85
    clat (usec): min=36, max=52514, avg=754.90, stdev=787.01
     lat (usec): min=84, max=52531, avg=784.81, stdev=912.68
    clat percentiles (usec):
     |  1.00th=[  676],  5.00th=[  692], 10.00th=[  700], 20.00th=[  708],
     | 30.00th=[  716], 40.00th=[  716], 50.00th=[  724], 60.00th=[  732],
     | 70.00th=[  732], 80.00th=[  740], 90.00th=[  748], 95.00th=[  764],
     | 99.00th=[  780], 99.50th=[  796], 99.90th=[15808], 99.95th=[21376],
     | 99.99th=[28288]
    bw (KB  /s): min=83100, max=180864, per=6.24%, avg=164301.11, stdev=9014.15
    lat (usec) : 50=0.01%, 100=0.01%, 250=0.05%, 500=0.13%, 750=91.85%
    lat (usec) : 1000=7.78%
    lat (msec) : 2=0.01%, 4=0.01%, 10=0.01%, 20=0.11%, 50=0.06%
    lat (msec) : 100=0.01%
  cpu          : usr=2.94%, sys=9.91%, ctx=187788109, majf=0, minf=18
  IO depths    : 1=0.1%, 2=0.1%, 4=100.0%, 8=0.0%, 16=0.0%, 32=0.0%, >=64=0.0%
     submit    : 0=0.0%, 4=100.0%, 8=0.0%, 16=0.0%, 32=0.0%, 64=0.0%, >=64=0.0%
     complete  : 0=0.0%, 4=100.0%, 8=0.0%, 16=0.0%, 32=0.0%, 64=0.0%, >=64=0.0%
     issued    : total=r=111255250/w=111110421/d=0, short=r=0/w=0/d=0, drop=r=0/w=0/d=0
     latency   : target=0, window=0, percentile=100.00%, depth=4
randrw: (groupid=0, jobs=1): err= 0: pid=2492: Wed Feb  7 06:14:55 2018
  read : io=6789.9GB, bw=164806KB/s, iops=2575, runt=43199991msec
    slat (usec): min=4, max=52162, avg=21.08, stdev=437.89
    clat (usec): min=29, max=52838, avg=743.82, stdev=775.60
     lat (usec): min=74, max=52847, avg=765.04, stdev=884.47
    clat percentiles (usec):
     |  1.00th=[  660],  5.00th=[  676], 10.00th=[  692], 20.00th=[  700],
     | 30.00th=[  708], 40.00th=[  708], 50.00th=[  716], 60.00th=[  716],
     | 70.00th=[  724], 80.00th=[  732], 90.00th=[  740], 95.00th=[  748],
     | 99.00th=[  764], 99.50th=[  780], 99.90th=[15680], 99.95th=[21120],
     | 99.99th=[28288]
    bw (KB  /s): min=107264, max=181504, per=6.27%, avg=165449.08, stdev=7700.21
  write: io=6780.1GB, bw=164591KB/s, iops=2571, runt=43199993msec
    slat (usec): min=6, max=51958, avg=29.72, stdev=471.35
    clat (usec): min=32, max=52519, avg=754.63, stdev=782.72
     lat (usec): min=86, max=52537, avg=784.50, stdev=908.26
    clat percentiles (usec):
     |  1.00th=[  676],  5.00th=[  692], 10.00th=[  700], 20.00th=[  708],
     | 30.00th=[  716], 40.00th=[  716], 50.00th=[  724], 60.00th=[  732],
     | 70.00th=[  732], 80.00th=[  740], 90.00th=[  748], 95.00th=[  764],
     | 99.00th=[  780], 99.50th=[  796], 99.90th=[15808], 99.95th=[21120],
     | 99.99th=[28288]
    bw (KB  /s): min=99584, max=180736, per=6.27%, avg=165096.46, stdev=9648.74
    lat (usec) : 50=0.01%, 100=0.01%, 250=0.05%, 500=0.13%, 750=91.90%
    lat (usec) : 1000=7.73%
    lat (msec) : 2=0.01%, 4=0.01%, 10=0.01%, 20=0.11%, 50=0.06%
    lat (msec) : 100=0.01%
  cpu          : usr=2.97%, sys=9.94%, ctx=188072154, majf=0, minf=17
  IO depths    : 1=0.1%, 2=0.1%, 4=100.0%, 8=0.0%, 16=0.0%, 32=0.0%, >=64=0.0%
     submit    : 0=0.0%, 4=100.0%, 8=0.0%, 16=0.0%, 32=0.0%, 64=0.0%, >=64=0.0%
     complete  : 0=0.0%, 4=100.0%, 8=0.0%, 16=0.0%, 32=0.0%, 64=0.0%, >=64=0.0%
     issued    : total=r=111243838/w=111099022/d=0, short=r=0/w=0/d=0, drop=r=0/w=0/d=0
     latency   : target=0, window=0, percentile=100.00%, depth=4
randrw: (groupid=0, jobs=1): err= 0: pid=2493: Wed Feb  7 06:14:55 2018
  read : io=6796.2GB, bw=164960KB/s, iops=2577, runt=43200003msec
    slat (usec): min=4, max=51579, avg=20.55, stdev=436.94
    clat (usec): min=19, max=52500, avg=743.64, stdev=774.50
     lat (usec): min=67, max=52514, avg=764.34, stdev=883.03
    clat percentiles (usec):
     |  1.00th=[  660],  5.00th=[  676], 10.00th=[  684], 20.00th=[  700],
     | 30.00th=[  700], 40.00th=[  708], 50.00th=[  716], 60.00th=[  716],
     | 70.00th=[  724], 80.00th=[  732], 90.00th=[  740], 95.00th=[  748],
     | 99.00th=[  764], 99.50th=[  780], 99.90th=[15680], 99.95th=[21120],
     | 99.99th=[28288]
    bw (KB  /s): min=100096, max=181632, per=6.26%, avg=165006.83, stdev=8490.84
  write: io=6787.3GB, bw=164745KB/s, iops=2574, runt=43200005msec
    slat (usec): min=6, max=52302, avg=29.33, stdev=471.88
    clat (usec): min=34, max=52468, avg=754.38, stdev=783.32
     lat (usec): min=84, max=52847, avg=783.86, stdev=908.96
    clat percentiles (usec):
     |  1.00th=[  676],  5.00th=[  692], 10.00th=[  700], 20.00th=[  708],
     | 30.00th=[  716], 40.00th=[  716], 50.00th=[  724], 60.00th=[  732],
     | 70.00th=[  732], 80.00th=[  740], 90.00th=[  748], 95.00th=[  764],
     | 99.00th=[  780], 99.50th=[  796], 99.90th=[15808], 99.95th=[21120],
     | 99.99th=[28288]
    bw (KB  /s): min=106708, max=180608, per=6.25%, avg=164651.66, stdev=9414.71
    lat (usec) : 20=0.01%, 50=0.01%, 100=0.01%, 250=0.05%, 500=0.13%
    lat (usec) : 750=92.05%, 1000=7.58%
    lat (msec) : 2=0.01%, 4=0.01%, 10=0.01%, 20=0.11%, 50=0.06%
    lat (msec) : 100=0.01%
  cpu          : usr=2.96%, sys=9.70%, ctx=188500616, majf=0, minf=18
  IO depths    : 1=0.1%, 2=0.1%, 4=100.0%, 8=0.0%, 16=0.0%, 32=0.0%, >=64=0.0%
     submit    : 0=0.0%, 4=100.0%, 8=0.0%, 16=0.0%, 32=0.0%, 64=0.0%, >=64=0.0%
     complete  : 0=0.0%, 4=100.0%, 8=0.0%, 16=0.0%, 32=0.0%, 64=0.0%, >=64=0.0%
     issued    : total=r=111347783/w=111202922/d=0, short=r=0/w=0/d=0, drop=r=0/w=0/d=0
     latency   : target=0, window=0, percentile=100.00%, depth=4

Run status group 0 (all jobs):
   READ: io=108643GB, aggrb=2575.3MB/s, minb=164788KB/s, maxb=164959KB/s, mint=43199991msec, maxt=43200003msec
  WRITE: io=108501GB, aggrb=2571.1MB/s, minb=164574KB/s, maxb=164745KB/s, mint=43199993msec, maxt=43200005msec

Disk stats (read/write):
  nvme2n1: ios=1785543051/1777681780, merge=0/0, ticks=1261093672/1271717356, in_queue=2707825824, util=98.87%
